<?xml version="1.0" encoding="UTF-8"?>
<!-- Generated by org.testng.reporters.JUnitReportReporter -->
<testsuite hostname="LIN65001735" failures="0" tests="1" name="test_runner.TestLogin" time="121.092" errors="0" timestamp="19 Jan 2021 11:41:30 GMT" skipped="0">
  <testcase classname="test_runner.TestLogin" name="run_cukes" time="121.092"/>
</testsuite> <!-- test_runner.TestLogin -->
