<?xml version="1.0" encoding="UTF-8"?>
<!-- Generated by org.testng.reporters.JUnitReportReporter -->
<testsuite skipped="0" hostname="DESKTOP-FE70RLJ" name="test_runner.CucumberRunner" tests="1" failures="0" timestamp="17 Jan 2021 10:25:57 GMT" time="47.420" errors="0">
  <testcase name="run_cukes" time="47.420" classname="test_runner.CucumberRunner"/>
</testsuite> <!-- test_runner.CucumberRunner -->
