<?xml version="1.0" encoding="UTF-8"?>
<!-- Generated by org.testng.reporters.JUnitReportReporter -->
<testsuite skipped="0" hostname="DESKTOP-FE70RLJ" name="test_runner.TestLogin" tests="1" failures="0" timestamp="17 Jan 2021 17:35:58 GMT" time="47.101" errors="0">
  <testcase name="run_cukes" time="47.101" classname="test_runner.TestLogin"/>
</testsuite> <!-- test_runner.TestLogin -->
