<?xml version="1.0" encoding="UTF-8"?>
<!-- Generated by org.testng.reporters.JUnitReportReporter -->
<testsuite hostname="LIN65001735" failures="0" tests="1" name="test_runner.TestLogin" time="40.891" errors="0" timestamp="21 Jan 2021 12:55:40 GMT" skipped="0">
  <testcase classname="test_runner.TestLogin" name="run_cukes" time="40.891"/>
</testsuite> <!-- test_runner.TestLogin -->
