<?xml version="1.0" encoding="UTF-8"?>
<!-- Generated by org.testng.reporters.JUnitReportReporter -->
<testsuite hostname="LIN65001735" failures="0" tests="1" name="test_runner.TestLogin" time="34.029" errors="0" timestamp="18 Jan 2021 08:31:10 GMT" skipped="0">
  <testcase classname="test_runner.TestLogin" name="run_cukes" time="34.029"/>
</testsuite> <!-- test_runner.TestLogin -->
