<?xml version="1.0" encoding="UTF-8"?>
<!-- Generated by org.testng.reporters.JUnitReportReporter -->
<testsuite hostname="LIN65001735" failures="0" tests="1" name="test_runner.TestLogin" time="23.160" errors="1" timestamp="20 Jan 2021 16:00:52 GMT" skipped="0">
  <testcase classname="test_runner.TestLogin" name="run_cukes" time="23.160">
    <error/>
  </testcase> <!-- run_cukes -->
</testsuite> <!-- test_runner.TestLogin -->
